E:\YEAR 2\OBJECT ORIENTED C++\HELLO WORLD\HELLO\DEBUG\VC110.PDB
E:\YEAR 2\OBJECT ORIENTED C++\HELLO WORLD\HELLO\DEBUG\HELLOWORLD.OBJ
E:\YEAR 2\OBJECT ORIENTED C++\HELLO WORLD\HELLO\DEBUG\SOURCE.OBJ
E:\YEAR 2\OBJECT ORIENTED C++\HELLO WORLD\HELLO\DEBUG\CONVERT.OBJ
E:\YEAR 2\OBJECT ORIENTED C++\HELLO WORLD\HELLO\DEBUG\HELLO.ILK
E:\YEAR 2\OBJECT ORIENTED C++\HELLO WORLD\HELLO\DEBUG\HELLO.EXE
E:\YEAR 2\OBJECT ORIENTED C++\HELLO WORLD\HELLO\DEBUG\HELLO.PDB
E:\Year 2\Object Oriented C++\Hello World\Hello\Debug\HelloWorld.obj
E:\Year 2\Object Oriented C++\Hello World\Hello\Debug\Source.obj
E:\Year 2\Object Oriented C++\Hello World\Hello\Debug\Convert.obj
E:\Year 2\Object Oriented C++\Hello World\Hello\Debug\Hello.ilk
E:\Year 2\Object Oriented C++\Hello World\Hello\Debug\link.11024-rc.read.1.tlog
E:\Year 2\Object Oriented C++\Hello World\Hello\Debug\CL.read.1.tlog
E:\Year 2\Object Oriented C++\Hello World\Hello\Debug\CL.write.1.tlog
E:\Year 2\Object Oriented C++\Hello World\Hello\Debug\cl.command.1.tlog
E:\Year 2\Object Oriented C++\Hello World\Hello\Debug\link.11024-rc.write.1.tlog
E:\Year 2\Object Oriented C++\Hello World\Hello\Debug\link-rc.read.1.tlog
E:\Year 2\Object Oriented C++\Hello World\Hello\Debug\link-rc.write.1.tlog
E:\Year 2\Object Oriented C++\Hello World\Hello\Debug\link-cvtres.read.1.tlog
E:\Year 2\Object Oriented C++\Hello World\Hello\Debug\link-cvtres.write.1.tlog
E:\Year 2\Object Oriented C++\Hello World\Hello\Debug\link.read.1.tlog
E:\Year 2\Object Oriented C++\Hello World\Hello\Debug\link.write.1.tlog
E:\Year 2\Object Oriented C++\Hello World\Hello\Debug\link.command.1.tlog
E:\Year 2\Object Oriented C++\Hello World\Hello\Debug\link.11024.read.1.tlog
E:\Year 2\Object Oriented C++\Hello World\Hello\Debug\link.11024.write.1.tlog
E:\Year 2\Object Oriented C++\Hello World\Hello\Debug\link.10452-rc.read.1.tlog
E:\Year 2\Object Oriented C++\Hello World\Hello\Debug\link.10452-rc.write.1.tlog
E:\Year 2\Object Oriented C++\Hello World\Hello\Debug\link.10452-cvtres.read.1.tlog
E:\Year 2\Object Oriented C++\Hello World\Hello\Debug\link.10452-cvtres.write.1.tlog
E:\Year 2\Object Oriented C++\Hello World\Hello\Debug\link.10452.read.1.tlog
E:\Year 2\Object Oriented C++\Hello World\Hello\Debug\link.10452.write.1.tlog
E:\Year 2\Object Oriented C++\Hello World\Hello\Debug\link.11024-cvtres.read.1.tlog
E:\Year 2\Object Oriented C++\Hello World\Hello\Debug\link.11024-cvtres.write.1.tlog
E:\Year 2\Object Oriented C++\Hello World\Hello\Debug\link.8204-rc.read.1.tlog
E:\Year 2\Object Oriented C++\Hello World\Hello\Debug\link.8204-rc.write.1.tlog
E:\Year 2\Object Oriented C++\Hello World\Hello\Debug\link.8204-cvtres.read.1.tlog
E:\Year 2\Object Oriented C++\Hello World\Hello\Debug\link.8204-cvtres.write.1.tlog
E:\Year 2\Object Oriented C++\Hello World\Hello\Debug\link.8204.read.1.tlog
E:\Year 2\Object Oriented C++\Hello World\Hello\Debug\link.8204.write.1.tlog
E:\Year 2\Object Oriented C++\Hello World\Hello\Debug\vc110.idb
E:\Year 2\Object Oriented C++\Hello World\Hello\Debug\vc110.pdb
E:\Year 2\Object Oriented C++\Hello World\Hello\Debug\Hello.pdb
E:\Year 2\Object Oriented C++\Hello World\Hello\Debug\Hello.exe
